[2026-05-30T17:36:22.223Z] [INFO ] ─── Content sync check started ───────────────────────────
[2026-05-30T17:36:22.226Z] [WARN ] content/ directory is empty or missing — initialising submodule...
[2026-05-30T17:36:26.634Z] [INFO ] Submodule initialised. Submodule path 'content': checked out 'fb868b0ee71b4c706c930fb5d589d1b98a6ec96e'
[2026-05-30T17:36:26.634Z] [INFO ] ─── Sync complete ────────────────────────────────────────
[2026-05-30T17:36:46.022Z] [INFO ] ─── Content sync check started ───────────────────────────
[2026-05-30T17:36:46.051Z] [INFO ] content/ directory is present. Checking remote for updates...
[2026-05-30T17:36:50.368Z] [INFO ] Already up-to-date at fb868b0e.
[2026-05-30T17:36:50.369Z] [INFO ] ─── Sync complete (no changes) ───────────────────────────
[2026-05-30T18:44:53.560Z] [INFO ] ── sync check ──────────────────────────────────────────────
[2026-05-30T18:44:53.564Z] [INFO ] content/ present — checking remote for updates...
[2026-05-30T18:44:58.061Z] [INFO ] Up-to-date at fb868b0e.
[2026-05-30T18:49:58.067Z] [INFO ] ── sync check ──────────────────────────────────────────────
[2026-05-30T18:49:58.069Z] [INFO ] content/ present — checking remote for updates...
[2026-05-30T18:50:02.552Z] [INFO ] Up-to-date at fb868b0e.
[2026-05-30T18:54:40.622Z] [INFO ] ── sync check ──────────────────────────────────────────────
[2026-05-30T18:54:40.624Z] [INFO ] content/ present — checking remote for updates...
[2026-05-30T18:54:44.394Z] [INFO ] Up-to-date at fb868b0e.
[2026-05-30T18:59:44.399Z] [INFO ] ── sync check ──────────────────────────────────────────────
[2026-05-30T18:59:44.404Z] [INFO ] content/ present — checking remote for updates...
[2026-05-30T18:59:47.830Z] [INFO ] Up-to-date at fb868b0e.
[2026-05-30T19:13:48.075Z] [INFO ] ── sync check ──────────────────────────────────────────────
[2026-05-30T19:13:48.108Z] [INFO ] content/ present — checking remote for updates...
[2026-05-30T19:13:53.928Z] [INFO ] Up-to-date at fb868b0e.
[2026-05-30T19:17:22.833Z] [INFO ] ── sync check ──────────────────────────────────────────────
[2026-05-30T19:17:22.836Z] [INFO ] content/ present — checking remote for updates...
[2026-05-30T19:17:40.323Z] [INFO ] Up-to-date at fb868b0e.
[2026-05-30T19:21:39.011Z] [INFO ] ── sync check ──────────────────────────────────────────────
[2026-05-30T19:21:39.013Z] [INFO ] content/ present — checking remote for updates...
[2026-05-30T19:21:42.428Z] [INFO ] Up-to-date at fb868b0e.
[2026-05-30T19:28:52.110Z] [INFO ] ── sync check ──────────────────────────────────────────────
[2026-05-30T19:28:52.143Z] [INFO ] content/ present — checking remote for updates...
[2026-05-30T19:28:58.113Z] [INFO ] Up-to-date at fb868b0e.
[2026-05-30T19:49:55.574Z] [INFO ] ── sync check ──────────────────────────────────────────────
[2026-05-30T19:49:55.764Z] [INFO ] content/ present — checking remote for updates...
[2026-05-30T19:50:02.626Z] [INFO ] Up-to-date at fb868b0e.
[2026-05-30T19:54:31.132Z] [INFO ] ── sync check ──────────────────────────────────────────────
[2026-05-30T19:54:31.136Z] [INFO ] content/ present — checking remote for updates...
[2026-05-30T19:54:34.509Z] [INFO ] Up-to-date at fb868b0e.
[2026-05-30T20:03:52.381Z] [INFO ] ── sync check ──────────────────────────────────────────────
[2026-05-30T20:03:52.383Z] [INFO ] content/ present — checking remote for updates...
[2026-05-30T20:03:56.339Z] [INFO ] Up-to-date at 7ba011c5.
[2026-05-30T20:05:43.776Z] [INFO ] ── sync check ──────────────────────────────────────────────
[2026-05-30T20:05:43.777Z] [INFO ] content/ present — checking remote for updates...
[2026-05-30T20:05:47.552Z] [INFO ] Up-to-date at 7ba011c5.
[2026-05-30T20:10:53.591Z] [INFO ] ── sync check ──────────────────────────────────────────────
[2026-05-30T20:10:53.593Z] [INFO ] content/ present — checking remote for updates...
[2026-05-30T20:10:58.078Z] [INFO ] Up-to-date at 7ba011c5.
[2026-05-30T20:11:29.019Z] [INFO ] ── sync check ──────────────────────────────────────────────
[2026-05-30T20:11:29.021Z] [INFO ] content/ present — checking remote for updates...
[2026-05-30T20:11:32.344Z] [INFO ] Up-to-date at 7ba011c5.
[2026-05-30T20:12:02.973Z] [INFO ] ── sync check ──────────────────────────────────────────────
[2026-05-30T20:12:02.974Z] [INFO ] content/ present — checking remote for updates...
[2026-05-30T20:12:06.632Z] [INFO ] Up-to-date at 7ba011c5.
[2026-05-30T20:16:17.494Z] [INFO ] ── sync check ──────────────────────────────────────────────
[2026-05-30T20:16:17.496Z] [INFO ] content/ present — checking remote for updates...
[2026-05-30T20:16:21.183Z] [INFO ] Up-to-date at 7ba011c5.
[2026-05-30T20:16:40.056Z] [INFO ] ── sync check ──────────────────────────────────────────────
[2026-05-30T20:16:40.058Z] [INFO ] content/ present — checking remote for updates...
[2026-05-30T20:16:43.407Z] [INFO ] Up-to-date at 7ba011c5.
[2026-05-30T20:21:43.409Z] [INFO ] ── sync check ──────────────────────────────────────────────
[2026-05-30T20:21:43.412Z] [INFO ] content/ present — checking remote for updates...
[2026-05-30T20:22:32.679Z] [INFO ] ── sync check ──────────────────────────────────────────────
[2026-05-30T20:22:32.682Z] [INFO ] content/ present — checking remote for updates...
[2026-05-30T20:22:36.152Z] [INFO ] Up-to-date at 7ba011c5.
[2026-05-30T20:27:11.167Z] [INFO ] ── sync check ──────────────────────────────────────────────
[2026-05-30T20:27:11.169Z] [INFO ] content/ present — checking remote for updates...
[2026-05-30T20:27:15.036Z] [INFO ] Up-to-date at 7ba011c5.
[2026-05-30T20:28:36.648Z] [INFO ] ── sync check ──────────────────────────────────────────────
[2026-05-30T20:28:36.649Z] [INFO ] content/ present — checking remote for updates...
[2026-05-30T20:28:40.122Z] [INFO ] Up-to-date at 7ba011c5.
[2026-05-30T20:33:40.135Z] [INFO ] ── sync check ──────────────────────────────────────────────
[2026-05-30T20:33:40.141Z] [INFO ] content/ present — checking remote for updates...
[2026-05-30T20:33:43.860Z] [INFO ] Up-to-date at 7ba011c5.
[2026-05-30T20:38:40.138Z] [INFO ] ── sync check ──────────────────────────────────────────────
[2026-05-30T20:38:40.142Z] [INFO ] content/ present — checking remote for updates...
[2026-05-30T20:38:43.630Z] [INFO ] Up-to-date at 7ba011c5.
[2026-05-30T20:43:40.139Z] [INFO ] ── sync check ──────────────────────────────────────────────
[2026-05-30T20:43:40.145Z] [INFO ] content/ present — checking remote for updates...
[2026-05-30T20:43:44.087Z] [INFO ] Up-to-date at 7ba011c5.
[2026-05-30T20:48:40.143Z] [INFO ] ── sync check ──────────────────────────────────────────────
[2026-05-30T20:48:40.147Z] [INFO ] content/ present — checking remote for updates...
[2026-05-30T20:48:43.964Z] [INFO ] Up-to-date at 7ba011c5.
[2026-05-30T21:26:45.614Z] [INFO ] ── sync check ──────────────────────────────────────────────
[2026-05-30T21:26:45.617Z] [INFO ] content/ present — checking remote for updates...
[2026-05-30T21:26:49.709Z] [INFO ] Up-to-date at 7ba011c5.
[2026-05-30T21:31:16.015Z] [INFO ] ── sync check ──────────────────────────────────────────────
[2026-05-30T21:31:16.017Z] [INFO ] content/ present — checking remote for updates...
[2026-05-30T21:31:19.628Z] [INFO ] Up-to-date at 7ba011c5.
[2026-05-30T21:31:49.726Z] [INFO ] ── sync check ──────────────────────────────────────────────
[2026-05-30T21:31:49.728Z] [INFO ] content/ present — checking remote for updates...
[2026-05-30T21:31:52.704Z] [INFO ] Up-to-date at 7ba011c5.
[2026-05-30T21:36:49.739Z] [INFO ] ── sync check ──────────────────────────────────────────────
[2026-05-30T21:36:49.742Z] [INFO ] content/ present — checking remote for updates...
[2026-05-30T21:36:52.718Z] [INFO ] Up-to-date at 7ba011c5.
[2026-05-30T21:37:36.491Z] [INFO ] ── sync check ──────────────────────────────────────────────
[2026-05-30T21:37:36.495Z] [INFO ] content/ present — checking remote for updates...
[2026-05-30T21:37:39.688Z] [INFO ] Up-to-date at 7ba011c5.
[2026-05-30T21:38:08.972Z] [INFO ] ── sync check ──────────────────────────────────────────────
[2026-05-30T21:38:08.974Z] [INFO ] content/ present — checking remote for updates...
[2026-05-30T21:38:11.988Z] [INFO ] Up-to-date at 7ba011c5.
[2026-05-30T21:43:12.006Z] [INFO ] ── sync check ──────────────────────────────────────────────
[2026-05-30T21:43:12.009Z] [INFO ] content/ present — checking remote for updates...
[2026-05-30T21:43:14.973Z] [INFO ] Up-to-date at 7ba011c5.
[2026-05-30T21:48:12.009Z] [INFO ] ── sync check ──────────────────────────────────────────────
[2026-05-30T21:48:12.012Z] [INFO ] content/ present — checking remote for updates...
[2026-05-30T21:48:15.739Z] [INFO ] Up-to-date at 7ba011c5.
[2026-05-30T21:53:12.013Z] [INFO ] ── sync check ──────────────────────────────────────────────
[2026-05-30T21:53:12.015Z] [INFO ] content/ present — checking remote for updates...
[2026-05-30T21:53:14.814Z] [INFO ] Up-to-date at 7ba011c5.
[2026-05-30T21:58:12.013Z] [INFO ] ── sync check ──────────────────────────────────────────────
[2026-05-30T21:58:12.023Z] [INFO ] content/ present — checking remote for updates...
[2026-05-30T21:58:14.892Z] [INFO ] Up-to-date at 7ba011c5.
[2026-05-30T22:03:12.016Z] [INFO ] ── sync check ──────────────────────────────────────────────
[2026-05-30T22:03:12.018Z] [INFO ] content/ present — checking remote for updates...
[2026-05-30T22:03:15.526Z] [INFO ] Up-to-date at 7ba011c5.
[2026-05-30T22:05:24.187Z] [INFO ] ── sync check ──────────────────────────────────────────────
[2026-05-30T22:05:24.188Z] [INFO ] content/ present — checking remote for updates...
[2026-05-30T22:05:27.132Z] [INFO ] Up-to-date at 7ba011c5.
[2026-05-30T22:07:33.333Z] [INFO ] ── sync check ──────────────────────────────────────────────
[2026-05-30T22:07:33.335Z] [INFO ] content/ present — checking remote for updates...
[2026-05-30T22:07:36.195Z] [INFO ] Up-to-date at 7ba011c5.
[2026-05-30T22:12:36.224Z] [INFO ] ── sync check ──────────────────────────────────────────────
[2026-05-30T22:12:36.227Z] [INFO ] content/ present — checking remote for updates...
[2026-05-30T22:12:39.146Z] [INFO ] Up-to-date at 7ba011c5.
[2026-05-30T22:16:13.227Z] [INFO ] ── sync check ──────────────────────────────────────────────
[2026-05-30T22:16:13.228Z] [INFO ] content/ present — checking remote for updates...
[2026-05-30T22:16:16.693Z] [INFO ] Up-to-date at 7ba011c5.
[2026-05-30T22:17:32.929Z] [INFO ] ── sync check ──────────────────────────────────────────────
[2026-05-30T22:17:32.930Z] [INFO ] content/ present — checking remote for updates...
[2026-05-30T22:17:35.975Z] [INFO ] Up-to-date at 7ba011c5.
[2026-05-30T22:22:35.981Z] [INFO ] ── sync check ──────────────────────────────────────────────
[2026-05-30T22:22:35.983Z] [INFO ] content/ present — checking remote for updates...
[2026-05-30T22:22:38.938Z] [INFO ] Up-to-date at 7ba011c5.
[2026-05-30T22:27:35.993Z] [INFO ] ── sync check ──────────────────────────────────────────────
[2026-05-30T22:27:35.995Z] [INFO ] content/ present — checking remote for updates...
[2026-05-30T22:27:38.995Z] [INFO ] Up-to-date at 7ba011c5.
[2026-05-30T22:32:35.995Z] [INFO ] ── sync check ──────────────────────────────────────────────
[2026-05-30T22:32:35.997Z] [INFO ] content/ present — checking remote for updates...
[2026-05-30T22:32:39.050Z] [INFO ] Up-to-date at 7ba011c5.
[2026-05-30T22:37:36.013Z] [INFO ] ── sync check ──────────────────────────────────────────────
[2026-05-30T22:37:36.015Z] [INFO ] content/ present — checking remote for updates...
[2026-05-30T22:37:39.407Z] [INFO ] Up-to-date at 7ba011c5.
[2026-05-30T22:42:36.021Z] [INFO ] ── sync check ──────────────────────────────────────────────
[2026-05-30T22:42:36.024Z] [INFO ] content/ present — checking remote for updates...
[2026-05-30T22:42:38.939Z] [INFO ] Up-to-date at 7ba011c5.
[2026-05-30T22:47:36.028Z] [INFO ] ── sync check ──────────────────────────────────────────────
[2026-05-30T22:47:36.033Z] [INFO ] content/ present — checking remote for updates...
[2026-05-30T22:47:39.442Z] [INFO ] Up-to-date at 7ba011c5.
[2026-05-30T22:52:36.039Z] [INFO ] ── sync check ──────────────────────────────────────────────
[2026-05-30T22:52:36.042Z] [INFO ] content/ present — checking remote for updates...
[2026-05-30T22:52:39.029Z] [INFO ] Up-to-date at 2172d0b7.
[2026-05-30T22:57:36.053Z] [INFO ] ── sync check ──────────────────────────────────────────────
[2026-05-30T22:57:36.056Z] [INFO ] content/ present — checking remote for updates...
[2026-05-30T22:57:39.044Z] [INFO ] Up-to-date at 2172d0b7.
